Arguments: 
  /usr/local/bin/node /usr/local/Cellar/yarn/1.19.0/libexec/bin/yarn.js add matter.js

PATH: 
  /usr/local/bin:/usr/bin:/bin:/usr/sbin:/sbin

Yarn version: 
  1.19.0

Node version: 
  12.11.0

Platform: 
  darwin x64

Trace: 
  Error: https://registry.yarnpkg.com/matter.js: Not found
      at Request.params.callback [as _callback] (/usr/local/Cellar/yarn/1.19.0/libexec/lib/cli.js:66918:18)
      at Request.self.callback (/usr/local/Cellar/yarn/1.19.0/libexec/lib/cli.js:140539:22)
      at Request.emit (events.js:210:5)
      at Request.<anonymous> (/usr/local/Cellar/yarn/1.19.0/libexec/lib/cli.js:141511:10)
      at Request.emit (events.js:210:5)
      at IncomingMessage.<anonymous> (/usr/local/Cellar/yarn/1.19.0/libexec/lib/cli.js:141433:12)
      at Object.onceWrapper (events.js:299:28)
      at IncomingMessage.emit (events.js:215:7)
      at endReadableNT (_stream_readable.js:1183:12)
      at processTicksAndRejections (internal/process/task_queues.js:80:21)

npm manifest: 
  {
    "name": "bubbles",
    "version": "1.0.0",
    "main": "index.js",
    "license": "MIT",
    "private": true,
    "scripts": {
      "start": "parcel index.html"
    },
    "dependencies": {
      "ammo.js": "^0.0.10"
    }
  }

yarn manifest: 
  No manifest

Lockfile: 
  # THIS IS AN AUTOGENERATED FILE. DO NOT EDIT THIS FILE DIRECTLY.
  # yarn lockfile v1
  
  
  ammo.js@^0.0.10:
    version "0.0.10"
    resolved "https://registry.yarnpkg.com/ammo.js/-/ammo.js-0.0.10.tgz#afd16e7186dd3cf784374464f3a4e58f37776950"
    integrity sha1-r9FucYbdPPeEN0Rk86Tljzd3aVA=
